Determining if the pthread_create exist failed with the following output:
Change Dir: /home/nvidia/workspace/Lab6/build/CMakeFiles/CMakeTmp

Run Build Command:"/usr/bin/make" "cmTC_4361a/fast"
/usr/bin/make -f CMakeFiles/cmTC_4361a.dir/build.make CMakeFiles/cmTC_4361a.dir/build
make[1]: Entering directory '/home/nvidia/workspace/Lab6/build/CMakeFiles/CMakeTmp'
Building C object CMakeFiles/cmTC_4361a.dir/CheckSymbolExists.c.o
/usr/bin/cc    -fPIC    -o CMakeFiles/cmTC_4361a.dir/CheckSymbolExists.c.o   -c /home/nvidia/workspace/Lab6/build/CMakeFiles/CMakeTmp/CheckSymbolExists.c
Linking C executable cmTC_4361a
/usr/bin/cmake -E cmake_link_script CMakeFiles/cmTC_4361a.dir/link.txt --verbose=1
/usr/bin/cc  -fPIC     CMakeFiles/cmTC_4361a.dir/CheckSymbolExists.c.o  -o cmTC_4361a 
CMakeFiles/cmTC_4361a.dir/CheckSymbolExists.c.o: In function `main':
CheckSymbolExists.c:(.text+0x14): undefined reference to `pthread_create'
CheckSymbolExists.c:(.text+0x18): undefined reference to `pthread_create'
collect2: error: ld returned 1 exit status
CMakeFiles/cmTC_4361a.dir/build.make:97: recipe for target 'cmTC_4361a' failed
make[1]: *** [cmTC_4361a] Error 1
make[1]: Leaving directory '/home/nvidia/workspace/Lab6/build/CMakeFiles/CMakeTmp'
Makefile:126: recipe for target 'cmTC_4361a/fast' failed
make: *** [cmTC_4361a/fast] Error 2

File /home/nvidia/workspace/Lab6/build/CMakeFiles/CMakeTmp/CheckSymbolExists.c:
/* */
#include <pthread.h>

int main(int argc, char** argv)
{
  (void)argv;
#ifndef pthread_create
  return ((int*)(&pthread_create))[argc];
#else
  (void)argc;
  return 0;
#endif
}

Determining if the function pthread_create exists in the pthreads failed with the following output:
Change Dir: /home/nvidia/workspace/Lab6/build/CMakeFiles/CMakeTmp

Run Build Command:"/usr/bin/make" "cmTC_25053/fast"
/usr/bin/make -f CMakeFiles/cmTC_25053.dir/build.make CMakeFiles/cmTC_25053.dir/build
make[1]: Entering directory '/home/nvidia/workspace/Lab6/build/CMakeFiles/CMakeTmp'
Building C object CMakeFiles/cmTC_25053.dir/CheckFunctionExists.c.o
/usr/bin/cc    -fPIC -DCHECK_FUNCTION_EXISTS=pthread_create   -o CMakeFiles/cmTC_25053.dir/CheckFunctionExists.c.o   -c /usr/share/cmake-3.5/Modules/CheckFunctionExists.c
Linking C executable cmTC_25053
/usr/bin/cmake -E cmake_link_script CMakeFiles/cmTC_25053.dir/link.txt --verbose=1
/usr/bin/cc  -fPIC -DCHECK_FUNCTION_EXISTS=pthread_create    CMakeFiles/cmTC_25053.dir/CheckFunctionExists.c.o  -o cmTC_25053 -lpthreads 
/usr/bin/ld: cannot find -lpthreads
collect2: error: ld returned 1 exit status
CMakeFiles/cmTC_25053.dir/build.make:97: recipe for target 'cmTC_25053' failed
make[1]: *** [cmTC_25053] Error 1
make[1]: Leaving directory '/home/nvidia/workspace/Lab6/build/CMakeFiles/CMakeTmp'
Makefile:126: recipe for target 'cmTC_25053/fast' failed
make: *** [cmTC_25053/fast] Error 2


