Determining if the pthread_create exist failed with the following output:
Change Dir: /home/nvidia/workspace/Lab7/build/CMakeFiles/CMakeTmp

Run Build Command:"/usr/bin/make" "cmTC_c51ad/fast"
/usr/bin/make -f CMakeFiles/cmTC_c51ad.dir/build.make CMakeFiles/cmTC_c51ad.dir/build
make[1]: Entering directory '/home/nvidia/workspace/Lab7/build/CMakeFiles/CMakeTmp'
Building C object CMakeFiles/cmTC_c51ad.dir/CheckSymbolExists.c.o
/usr/bin/cc    -fPIC    -o CMakeFiles/cmTC_c51ad.dir/CheckSymbolExists.c.o   -c /home/nvidia/workspace/Lab7/build/CMakeFiles/CMakeTmp/CheckSymbolExists.c
Linking C executable cmTC_c51ad
/usr/bin/cmake -E cmake_link_script CMakeFiles/cmTC_c51ad.dir/link.txt --verbose=1
/usr/bin/cc  -fPIC     CMakeFiles/cmTC_c51ad.dir/CheckSymbolExists.c.o  -o cmTC_c51ad 
CMakeFiles/cmTC_c51ad.dir/CheckSymbolExists.c.o: In function `main':
CheckSymbolExists.c:(.text+0x14): undefined reference to `pthread_create'
CheckSymbolExists.c:(.text+0x18): undefined reference to `pthread_create'
collect2: error: ld returned 1 exit status
CMakeFiles/cmTC_c51ad.dir/build.make:97: recipe for target 'cmTC_c51ad' failed
make[1]: *** [cmTC_c51ad] Error 1
make[1]: Leaving directory '/home/nvidia/workspace/Lab7/build/CMakeFiles/CMakeTmp'
Makefile:126: recipe for target 'cmTC_c51ad/fast' failed
make: *** [cmTC_c51ad/fast] Error 2

File /home/nvidia/workspace/Lab7/build/CMakeFiles/CMakeTmp/CheckSymbolExists.c:
/* */
#include <pthread.h>

int main(int argc, char** argv)
{
  (void)argv;
#ifndef pthread_create
  return ((int*)(&pthread_create))[argc];
#else
  (void)argc;
  return 0;
#endif
}

Determining if the function pthread_create exists in the pthreads failed with the following output:
Change Dir: /home/nvidia/workspace/Lab7/build/CMakeFiles/CMakeTmp

Run Build Command:"/usr/bin/make" "cmTC_38f5f/fast"
/usr/bin/make -f CMakeFiles/cmTC_38f5f.dir/build.make CMakeFiles/cmTC_38f5f.dir/build
make[1]: Entering directory '/home/nvidia/workspace/Lab7/build/CMakeFiles/CMakeTmp'
Building C object CMakeFiles/cmTC_38f5f.dir/CheckFunctionExists.c.o
/usr/bin/cc    -fPIC -DCHECK_FUNCTION_EXISTS=pthread_create   -o CMakeFiles/cmTC_38f5f.dir/CheckFunctionExists.c.o   -c /usr/share/cmake-3.5/Modules/CheckFunctionExists.c
Linking C executable cmTC_38f5f
/usr/bin/cmake -E cmake_link_script CMakeFiles/cmTC_38f5f.dir/link.txt --verbose=1
/usr/bin/cc  -fPIC -DCHECK_FUNCTION_EXISTS=pthread_create    CMakeFiles/cmTC_38f5f.dir/CheckFunctionExists.c.o  -o cmTC_38f5f -lpthreads 
/usr/bin/ld: cannot find -lpthreads
collect2: error: ld returned 1 exit status
CMakeFiles/cmTC_38f5f.dir/build.make:97: recipe for target 'cmTC_38f5f' failed
make[1]: *** [cmTC_38f5f] Error 1
make[1]: Leaving directory '/home/nvidia/workspace/Lab7/build/CMakeFiles/CMakeTmp'
Makefile:126: recipe for target 'cmTC_38f5f/fast' failed
make: *** [cmTC_38f5f/fast] Error 2


