Determining if the pthread_create exist failed with the following output:
Change Dir: /home/nvidia/build/CMakeFiles/CMakeTmp

Run Build Command:"/usr/bin/make" "cmTC_f04d0/fast"
/usr/bin/make -f CMakeFiles/cmTC_f04d0.dir/build.make CMakeFiles/cmTC_f04d0.dir/build
make[1]: Entering directory '/home/nvidia/build/CMakeFiles/CMakeTmp'
Building C object CMakeFiles/cmTC_f04d0.dir/CheckSymbolExists.c.o
/usr/bin/cc    -fPIC    -o CMakeFiles/cmTC_f04d0.dir/CheckSymbolExists.c.o   -c /home/nvidia/build/CMakeFiles/CMakeTmp/CheckSymbolExists.c
Linking C executable cmTC_f04d0
/usr/bin/cmake -E cmake_link_script CMakeFiles/cmTC_f04d0.dir/link.txt --verbose=1
/usr/bin/cc  -fPIC     CMakeFiles/cmTC_f04d0.dir/CheckSymbolExists.c.o  -o cmTC_f04d0 
CMakeFiles/cmTC_f04d0.dir/CheckSymbolExists.c.o: In function `main':
CheckSymbolExists.c:(.text+0x14): undefined reference to `pthread_create'
CheckSymbolExists.c:(.text+0x18): undefined reference to `pthread_create'
collect2: error: ld returned 1 exit status
CMakeFiles/cmTC_f04d0.dir/build.make:97: recipe for target 'cmTC_f04d0' failed
make[1]: *** [cmTC_f04d0] Error 1
make[1]: Leaving directory '/home/nvidia/build/CMakeFiles/CMakeTmp'
Makefile:126: recipe for target 'cmTC_f04d0/fast' failed
make: *** [cmTC_f04d0/fast] Error 2

File /home/nvidia/build/CMakeFiles/CMakeTmp/CheckSymbolExists.c:
/* */
#include <pthread.h>

int main(int argc, char** argv)
{
  (void)argv;
#ifndef pthread_create
  return ((int*)(&pthread_create))[argc];
#else
  (void)argc;
  return 0;
#endif
}

Determining if the function pthread_create exists in the pthreads failed with the following output:
Change Dir: /home/nvidia/build/CMakeFiles/CMakeTmp

Run Build Command:"/usr/bin/make" "cmTC_65d18/fast"
/usr/bin/make -f CMakeFiles/cmTC_65d18.dir/build.make CMakeFiles/cmTC_65d18.dir/build
make[1]: Entering directory '/home/nvidia/build/CMakeFiles/CMakeTmp'
Building C object CMakeFiles/cmTC_65d18.dir/CheckFunctionExists.c.o
/usr/bin/cc    -fPIC -DCHECK_FUNCTION_EXISTS=pthread_create   -o CMakeFiles/cmTC_65d18.dir/CheckFunctionExists.c.o   -c /usr/share/cmake-3.5/Modules/CheckFunctionExists.c
Linking C executable cmTC_65d18
/usr/bin/cmake -E cmake_link_script CMakeFiles/cmTC_65d18.dir/link.txt --verbose=1
/usr/bin/cc  -fPIC -DCHECK_FUNCTION_EXISTS=pthread_create    CMakeFiles/cmTC_65d18.dir/CheckFunctionExists.c.o  -o cmTC_65d18 -lpthreads 
/usr/bin/ld: cannot find -lpthreads
collect2: error: ld returned 1 exit status
CMakeFiles/cmTC_65d18.dir/build.make:97: recipe for target 'cmTC_65d18' failed
make[1]: *** [cmTC_65d18] Error 1
make[1]: Leaving directory '/home/nvidia/build/CMakeFiles/CMakeTmp'
Makefile:126: recipe for target 'cmTC_65d18/fast' failed
make: *** [cmTC_65d18/fast] Error 2


Determining if the pthread_create exist failed with the following output:
Change Dir: /home/nvidia/workspace/build/CMakeFiles/CMakeTmp

Run Build Command:"/usr/bin/make" "cmTC_8ac46/fast"
/usr/bin/make -f CMakeFiles/cmTC_8ac46.dir/build.make CMakeFiles/cmTC_8ac46.dir/build
make[1]: Entering directory '/home/nvidia/workspace/build/CMakeFiles/CMakeTmp'
Building C object CMakeFiles/cmTC_8ac46.dir/CheckSymbolExists.c.o
/usr/bin/cc    -fPIC    -o CMakeFiles/cmTC_8ac46.dir/CheckSymbolExists.c.o   -c /home/nvidia/workspace/build/CMakeFiles/CMakeTmp/CheckSymbolExists.c
Linking C executable cmTC_8ac46
/usr/bin/cmake -E cmake_link_script CMakeFiles/cmTC_8ac46.dir/link.txt --verbose=1
/usr/bin/cc  -fPIC     CMakeFiles/cmTC_8ac46.dir/CheckSymbolExists.c.o  -o cmTC_8ac46 
CMakeFiles/cmTC_8ac46.dir/CheckSymbolExists.c.o: In function `main':
CheckSymbolExists.c:(.text+0x14): undefined reference to `pthread_create'
CheckSymbolExists.c:(.text+0x18): undefined reference to `pthread_create'
collect2: error: ld returned 1 exit status
CMakeFiles/cmTC_8ac46.dir/build.make:97: recipe for target 'cmTC_8ac46' failed
make[1]: *** [cmTC_8ac46] Error 1
make[1]: Leaving directory '/home/nvidia/workspace/build/CMakeFiles/CMakeTmp'
Makefile:126: recipe for target 'cmTC_8ac46/fast' failed
make: *** [cmTC_8ac46/fast] Error 2

File /home/nvidia/workspace/build/CMakeFiles/CMakeTmp/CheckSymbolExists.c:
/* */
#include <pthread.h>

int main(int argc, char** argv)
{
  (void)argv;
#ifndef pthread_create
  return ((int*)(&pthread_create))[argc];
#else
  (void)argc;
  return 0;
#endif
}

Determining if the function pthread_create exists in the pthreads failed with the following output:
Change Dir: /home/nvidia/workspace/build/CMakeFiles/CMakeTmp

Run Build Command:"/usr/bin/make" "cmTC_506da/fast"
/usr/bin/make -f CMakeFiles/cmTC_506da.dir/build.make CMakeFiles/cmTC_506da.dir/build
make[1]: Entering directory '/home/nvidia/workspace/build/CMakeFiles/CMakeTmp'
Building C object CMakeFiles/cmTC_506da.dir/CheckFunctionExists.c.o
/usr/bin/cc    -fPIC -DCHECK_FUNCTION_EXISTS=pthread_create   -o CMakeFiles/cmTC_506da.dir/CheckFunctionExists.c.o   -c /usr/share/cmake-3.5/Modules/CheckFunctionExists.c
Linking C executable cmTC_506da
/usr/bin/cmake -E cmake_link_script CMakeFiles/cmTC_506da.dir/link.txt --verbose=1
/usr/bin/cc  -fPIC -DCHECK_FUNCTION_EXISTS=pthread_create    CMakeFiles/cmTC_506da.dir/CheckFunctionExists.c.o  -o cmTC_506da -lpthreads 
/usr/bin/ld: cannot find -lpthreads
collect2: error: ld returned 1 exit status
CMakeFiles/cmTC_506da.dir/build.make:97: recipe for target 'cmTC_506da' failed
make[1]: *** [cmTC_506da] Error 1
make[1]: Leaving directory '/home/nvidia/workspace/build/CMakeFiles/CMakeTmp'
Makefile:126: recipe for target 'cmTC_506da/fast' failed
make: *** [cmTC_506da/fast] Error 2


